Build started 27/9/2016 7:54:28 PM.
     1>Project "C:\Users\tanyiecher\Desktop\SEMESTER 5\PRACTICE\Ma Framework 2016\learnopenGL\learnopenGL.vcxproj" on node 2 (Build target(s)).
     1>ClCompile:
         C:\Program Files (x86)\Microsoft Visual Studio 12.0\VC\bin\CL.exe /c /I"C:\Users\tanyiecher\Desktop\SEMESTER 5\PRACTICE\Ma Framework 2016\\freetype" /I"C:\Users\tanyiecher\Desktop\SEMESTER 5\PRACTICE\Ma Framework 2016\\glew\include" /I"C:\Users\tanyiecher\Desktop\SEMESTER 5\PRACTICE\Ma Framework 2016\\glfw\include" /I"C:\Users\tanyiecher\Desktop\SEMESTER 5\PRACTICE\Ma Framework 2016\\Common\Source" /I"C:\Users\tanyiecher\Desktop\SEMESTER 5\PRACTICE\Ma Framework 2016\\freetype" /I"C:\Users\tanyiecher\Desktop\SEMESTER 5\PRACTICE\Ma Framework 2016\/lua/include" /ZI /nologo /W3 /WX- /Od /Oy- /D WIN32 /D _DEBUG /D _CONSOLE /D _UNICODE /D UNICODE /Gm /EHsc /RTC1 /MDd /GS /fp:precise /Zc:wchar_t /Zc:forScope /Fo"Debug\\" /Fd"Debug\vc120.pdb" /Gd /TP /analyze- /errorReport:prompt Source\SpriteAnimation.cpp
         SpriteAnimation.cpp
     1>c:\program files (x86)\windows kits\8.1\include\shared\minwindef.h(130): warning C4005: 'APIENTRY' : macro redefinition
                 c:\users\tanyiecher\desktop\semester 5\practice\ma framework 2016\glfw\include\glfw\glfw3.h(92) : see previous definition of 'APIENTRY'
     1>c:\users\tanyiecher\desktop\semester 5\practice\ma framework 2016\learnopengl\source\entity.h(132): warning C4067: unexpected tokens following preprocessor directive - expected a newline
     1>c:\users\tanyiecher\desktop\semester 5\practice\ma framework 2016\learnopengl\source\spriteanimmanager.h(25): warning C4018: '<' : signed/unsigned mismatch
       Link:
         C:\Program Files (x86)\Microsoft Visual Studio 12.0\VC\bin\link.exe /ERRORREPORT:PROMPT /OUT:"C:\Users\tanyiecher\Desktop\SEMESTER 5\PRACTICE\Ma Framework 2016\Debug\learnopenGL.exe" /INCREMENTAL /NOLOGO /LIBPATH:"C:\Users\tanyiecher\Desktop\SEMESTER 5\PRACTICE\Ma Framework 2016\\freetype\lib" /LIBPATH:"C:\Users\tanyiecher\Desktop\SEMESTER 5\PRACTICE\Ma Framework 2016\\glew\lib" /LIBPATH:"C:\Users\tanyiecher\Desktop\SEMESTER 5\PRACTICE\Ma Framework 2016\\glfw\lib-msvc100" /LIBPATH:"C:\Users\tanyiecher\Desktop\SEMESTER 5\PRACTICE\Ma Framework 2016\Debug" glew32.lib glfw3.lib opengl32.lib winmm.lib Common.lib ws2_32.lib freetype262d.lib kernel32.lib user32.lib gdi32.lib winspool.lib comdlg32.lib advapi32.lib shell32.lib ole32.lib oleaut32.lib uuid.lib odbc32.lib odbccp32.lib /MANIFEST /MANIFESTUAC:"level='asInvoker' uiAccess='false'" /manifest:embed /DEBUG /PDB:"C:\Users\tanyiecher\Desktop\SEMESTER 5\PRACTICE\Ma Framework 2016\Debug\learnopenGL.pdb" /SUBSYSTEM:CONSOLE /TLBID:1 /DYNAMICBASE /NXCOMPAT /IMPLIB:"C:\Users\tanyiecher\Desktop\SEMESTER 5\PRACTICE\Ma Framework 2016\Debug\learnopenGL.lib" /MACHINE:X86 Debug\AABB.obj
         Debug\AI_Comp.obj
         Debug\AI_Map.obj
         Debug\BFS.obj
         Debug\Camera.obj
         Debug\Character.obj
         Debug\Component.obj
         Debug\Controller.obj
         Debug\CoreUtilities.obj
         Debug\Entity.obj
         Debug\EntityManager.obj
         Debug\FPS_Camera.obj
         Debug\GridMap.obj
         Debug\Input.obj
         Debug\Line.obj
         Debug\main.obj
         Debug\Mesh.obj
         Debug\MeshBuilder.obj
         Debug\Renderer.obj
         Debug\RendererManager.obj
         Debug\Renderer_GridMap.obj
         Debug\Scene.obj
         Debug\Scene_Boxhead.obj
         Debug\Scene_Test.obj
         Debug\shader.obj
         Debug\Shape.obj
         Debug\SharedResources.obj
         Debug\SpriteAnimation.obj
         Debug\SP_Comp.obj
         Debug\Text_Renderer.obj
         Debug\Transformation.obj
         Debug\View.obj
         learnopenGL.vcxproj -> C:\Users\tanyiecher\Desktop\SEMESTER 5\PRACTICE\Ma Framework 2016\Debug\learnopenGL.exe
     1>Done Building Project "C:\Users\tanyiecher\Desktop\SEMESTER 5\PRACTICE\Ma Framework 2016\learnopenGL\learnopenGL.vcxproj" (Build target(s)).

Build succeeded.

Time Elapsed 00:00:01.37
