c:\users\tanyiecher\desktop\semester 5\practice\new framework\learnopengl\debug\vc120.pdb
c:\users\tanyiecher\desktop\semester 5\practice\new framework\learnopengl\debug\vc120.idb
c:\users\tanyiecher\desktop\semester 5\practice\new framework\learnopengl\debug\camera.obj
c:\users\tanyiecher\desktop\semester 5\practice\new framework\learnopengl\debug\controller.obj
c:\users\tanyiecher\desktop\semester 5\practice\new framework\learnopengl\debug\coreutilities.obj
c:\users\tanyiecher\desktop\semester 5\practice\new framework\learnopengl\debug\fps_camera.obj
c:\users\tanyiecher\desktop\semester 5\practice\new framework\learnopengl\debug\input.obj
c:\users\tanyiecher\desktop\semester 5\practice\new framework\learnopengl\debug\main.obj
c:\users\tanyiecher\desktop\semester 5\practice\new framework\learnopengl\debug\mesh.obj
c:\users\tanyiecher\desktop\semester 5\practice\new framework\learnopengl\debug\meshbuilder.obj
c:\users\tanyiecher\desktop\semester 5\practice\new framework\learnopengl\debug\shader.obj
c:\users\tanyiecher\desktop\semester 5\practice\new framework\learnopengl\debug\text_renderer.obj
c:\users\tanyiecher\desktop\semester 5\practice\new framework\learnopengl\debug\view.obj
c:\users\tanyiecher\desktop\semester 5\practice\new framework\debug\learnopengl.ilk
c:\users\tanyiecher\desktop\semester 5\practice\new framework\debug\learnopengl.exe
c:\users\tanyiecher\desktop\semester 5\practice\new framework\debug\learnopengl.pdb
c:\users\tanyiecher\desktop\semester 5\practice\new framework\learnopengl\debug\learnopengl.tlog\cl.command.1.tlog
c:\users\tanyiecher\desktop\semester 5\practice\new framework\learnopengl\debug\learnopengl.tlog\cl.read.1.tlog
c:\users\tanyiecher\desktop\semester 5\practice\new framework\learnopengl\debug\learnopengl.tlog\cl.write.1.tlog
c:\users\tanyiecher\desktop\semester 5\practice\new framework\learnopengl\debug\learnopengl.tlog\link.command.1.tlog
c:\users\tanyiecher\desktop\semester 5\practice\new framework\learnopengl\debug\learnopengl.tlog\link.read.1.tlog
c:\users\tanyiecher\desktop\semester 5\practice\new framework\learnopengl\debug\learnopengl.tlog\link.write.1.tlog
