c:\users\tanyiecher\desktop\semester 5\practice\ma framework 2016\learnopengl\release\vc120.pdb
c:\users\tanyiecher\desktop\semester 5\practice\ma framework 2016\learnopengl\release\transformation.obj
c:\users\tanyiecher\desktop\semester 5\practice\ma framework 2016\learnopengl\release\text_renderer.obj
c:\users\tanyiecher\desktop\semester 5\practice\ma framework 2016\learnopengl\release\sharedresources.obj
c:\users\tanyiecher\desktop\semester 5\practice\ma framework 2016\learnopengl\release\shader.obj
c:\users\tanyiecher\desktop\semester 5\practice\ma framework 2016\learnopengl\release\scene_test.obj
c:\users\tanyiecher\desktop\semester 5\practice\ma framework 2016\learnopengl\release\scene_ecs.obj
c:\users\tanyiecher\desktop\semester 5\practice\ma framework 2016\learnopengl\release\scene.obj
c:\users\tanyiecher\desktop\semester 5\practice\ma framework 2016\learnopengl\release\renderer.obj
c:\users\tanyiecher\desktop\semester 5\practice\ma framework 2016\learnopengl\release\meshbuilder.obj
c:\users\tanyiecher\desktop\semester 5\practice\ma framework 2016\learnopengl\release\mesh.obj
c:\users\tanyiecher\desktop\semester 5\practice\ma framework 2016\learnopengl\release\main.obj
c:\users\tanyiecher\desktop\semester 5\practice\ma framework 2016\learnopengl\release\input.obj
c:\users\tanyiecher\desktop\semester 5\practice\ma framework 2016\learnopengl\release\fps_camera.obj
c:\users\tanyiecher\desktop\semester 5\practice\ma framework 2016\learnopengl\release\entitymanager.obj
c:\users\tanyiecher\desktop\semester 5\practice\ma framework 2016\learnopengl\release\entity.obj
c:\users\tanyiecher\desktop\semester 5\practice\ma framework 2016\learnopengl\release\coreutilities.obj
c:\users\tanyiecher\desktop\semester 5\practice\ma framework 2016\learnopengl\release\controller.obj
c:\users\tanyiecher\desktop\semester 5\practice\ma framework 2016\learnopengl\release\component.obj
c:\users\tanyiecher\desktop\semester 5\practice\ma framework 2016\learnopengl\release\camera.obj
c:\users\tanyiecher\desktop\semester 5\practice\ma framework 2016\learnopengl\release\boxcollision.obj
c:\users\tanyiecher\desktop\semester 5\practice\ma framework 2016\learnopengl\release\view.obj
c:\users\tanyiecher\desktop\semester 5\practice\ma framework 2016\release\learnopengl.exe
c:\users\tanyiecher\desktop\semester 5\practice\ma framework 2016\release\learnopengl.pdb
c:\users\tanyiecher\desktop\semester 5\practice\ma framework 2016\learnopengl\release\learnopengl.tlog\cl.command.1.tlog
c:\users\tanyiecher\desktop\semester 5\practice\ma framework 2016\learnopengl\release\learnopengl.tlog\cl.read.1.tlog
c:\users\tanyiecher\desktop\semester 5\practice\ma framework 2016\learnopengl\release\learnopengl.tlog\cl.write.1.tlog
c:\users\tanyiecher\desktop\semester 5\practice\ma framework 2016\learnopengl\release\learnopengl.tlog\link.command.1.tlog
c:\users\tanyiecher\desktop\semester 5\practice\ma framework 2016\learnopengl\release\learnopengl.tlog\link.read.1.tlog
c:\users\tanyiecher\desktop\semester 5\practice\ma framework 2016\learnopengl\release\learnopengl.tlog\link.write.1.tlog
