Build started 28/6/2016 5:15:27 PM.
     1>Project "C:\Users\tanyiecher\Desktop\SEMESTER 5\PRACTICE\new framework\Common\Common.vcxproj" on node 2 (Build target(s)).
     1>ClCompile:
         C:\Program Files (x86)\Microsoft Visual Studio 12.0\VC\bin\CL.exe /c /ZI /nologo /W3 /WX- /Od /Oy- /D WIN32 /D _DEBUG /D _LIB /D _UNICODE /D UNICODE /Gm /EHsc /RTC1 /MDd /GS /fp:precise /Zc:wchar_t /Zc:forScope /Fo"Debug\\" /Fd"Debug\vc120.pdb" /Gd /TP /analyze- /errorReport:prompt Source\MatrixStack.cpp Source\Mtx44.cpp Source\timer.cpp Source\Vector2.cpp Source\Vector3.cpp
         Vector3.cpp
     1>c:\users\tanyiecher\desktop\semester 5\practice\new framework\common\source\vector3.cpp(464): warning C4244: 'return' : conversion from 'double' to 'float', possible loss of data
         Vector2.cpp
         timer.cpp
         Mtx44.cpp
         MatrixStack.cpp
         Generating Code...
       Lib:
         C:\Program Files (x86)\Microsoft Visual Studio 12.0\VC\bin\Lib.exe /OUT:"C:\Users\tanyiecher\Desktop\SEMESTER 5\PRACTICE\new framework\Debug\Common.lib" /NOLOGO Debug\MatrixStack.obj
         Debug\Mtx44.obj
         Debug\timer.obj
         Debug\Vector2.obj
         Debug\Vector3.obj
         Common.vcxproj -> C:\Users\tanyiecher\Desktop\SEMESTER 5\PRACTICE\new framework\Debug\Common.lib
     1>Done Building Project "C:\Users\tanyiecher\Desktop\SEMESTER 5\PRACTICE\new framework\Common\Common.vcxproj" (Build target(s)).

Build succeeded.

Time Elapsed 00:00:02.31
